[debug] [2022-11-08T11:13:44.958Z] ----------------------------------------------------------------------
[debug] [2022-11-08T11:13:44.960Z] Command:       C:\Program Files\nodejs\node.exe C:\Users\PC\AppData\Roaming\npm\node_modules\firebase-tools\lib\bin\firebase.js init
[debug] [2022-11-08T11:13:44.961Z] CLI Version:   11.15.0
[debug] [2022-11-08T11:13:44.961Z] Platform:      win32
[debug] [2022-11-08T11:13:44.961Z] Node Version:  v16.14.2
[debug] [2022-11-08T11:13:44.963Z] Time:          Tue Nov 08 2022 03:13:44 GMT-0800 (Pacific Standard Time)
[debug] [2022-11-08T11:13:44.963Z] ----------------------------------------------------------------------
[debug] 
[debug] [2022-11-08T11:13:44.978Z] >>> [apiv2][query] GET https://firebase-public.firebaseio.com/cli.json [none]
[debug] [2022-11-08T11:13:45.010Z] > command requires scopes: ["email","openid","https://www.googleapis.com/auth/cloudplatformprojects.readonly","https://www.googleapis.com/auth/firebase","https://www.googleapis.com/auth/cloud-platform"]
[debug] [2022-11-08T11:13:45.011Z] > authorizing via signed-in user (junnunprodhan@gmail.com)
[info] 
     ######## #### ########  ######## ########     ###     ######  ########
     ##        ##  ##     ## ##       ##     ##  ##   ##  ##       ##
     ######    ##  ########  ######   ########  #########  ######  ######
     ##        ##  ##    ##  ##       ##     ## ##     ##       ## ##
     ##       #### ##     ## ######## ########  ##     ##  ######  ########

You're about to initialize a Firebase project in this directory:

  D:\assignment\photography-server

[debug] [2022-11-08T11:13:45.870Z] <<< [apiv2][status] GET https://firebase-public.firebaseio.com/cli.json 200
[debug] [2022-11-08T11:13:45.870Z] <<< [apiv2][body] GET https://firebase-public.firebaseio.com/cli.json {"cloudBuildErrorAfter":1594252800000,"cloudBuildWarnAfter":1590019200000,"defaultNode10After":1594252800000,"minVersion":"3.0.5","node8DeploysDisabledAfter":1613390400000,"node8RuntimeDisabledAfter":1615809600000,"node8WarnAfter":1600128000000}
[info] 
=== Project Setup
[info] 
[info] First, let's associate this project directory with a Firebase project.
[info] You can create multiple project aliases by running firebase use --add, 
[info] but for now we'll just set up a default project.
[info] 
